# JRE version: Java(TM) SE Runtime Environment (8.0_201-b09) (build 1.8.0_201-b09)
# Java VM: Java HotSpot(TM) 64-Bit Server VM (25.201-b09 mixed mode linux-amd64 compressed oops)
Heap:
 PSYoungGen      total 486912K, used 2574K [0x00000000d6f00000, 0x00000000f6d80000, 0x0000000100000000)
  eden space 469504K, 0% used [0x00000000d6f00000,0x00000000d6f00000,0x00000000f3980000)
  from space 17408K, 14% used [0x00000000f3980000,0x00000000f3c03970,0x00000000f4a80000)
  to   space 17408K, 0% used [0x00000000f4a80000,0x00000000f4a80000,0x00000000f5b80000)
 ParOldGen       total 78336K, used 17563K [0x0000000084c00000, 0x0000000089880000, 0x00000000d6f00000)
  object space 78336K, 22% used [0x0000000084c00000,0x0000000085d26e00,0x0000000089880000)
 Metaspace       used 57510K, capacity 60326K, committed 60800K, reserved 1101824K
  class space    used 7914K, capacity 8447K, committed 8576K, reserved 1048576K
GC Heap History (10 events):
Event: 6.956 GC heap after
Heap after GC invocations=11 (full 2):
 PSYoungGen      total 257024K, used 0K [0x00000000d6f00000, 0x00000000ef900000, 0x0000000100000000)
  eden space 244224K, 0% used [0x00000000d6f00000,0x00000000d6f00000,0x00000000e5d80000)
  from space 12800K, 0% used [0x00000000e5d80000,0x00000000e5d80000,0x00000000e6a00000)
  to   space 12288K, 0% used [0x00000000eed00000,0x00000000eed00000,0x00000000ef900000)
 ParOldGen       total 59392K, used 12778K [0x0000000084c00000, 0x0000000088600000, 0x00000000d6f00000)
  object space 59392K, 21% used [0x0000000084c00000,0x000000008587a988,0x0000000088600000)
 Metaspace       used 33674K, capacity 35404K, committed 35456K, reserved 1079296K
  class space    used 4369K, capacity 4693K, committed 4736K, reserved 1048576K
}
Event: 9.271 GC heap before
{Heap before GC invocations=12 (full 2):
 PSYoungGen      total 257024K, used 244224K [0x00000000d6f00000, 0x00000000ef900000, 0x0000000100000000)
  eden space 244224K, 100% used [0x00000000d6f00000,0x00000000e5d80000,0x00000000e5d80000)
  from space 12800K, 0% used [0x00000000e5d80000,0x00000000e5d80000,0x00000000e6a00000)
  to   space 12288K, 0% used [0x00000000eed00000,0x00000000eed00000,0x00000000ef900000)
 ParOldGen       total 59392K, used 12778K [0x0000000084c00000, 0x0000000088600000, 0x00000000d6f00000)
  object space 59392K, 21% used [0x0000000084c00000,0x000000008587a988,0x0000000088600000)
 Metaspace       used 51059K, capacity 53830K, committed 54016K, reserved 1095680K
  class space    used 7080K, capacity 7571K, committed 7680K, reserved 1048576K
Event: 9.303 GC heap after
Heap after GC invocations=12 (full 2):
 PSYoungGen      total 355840K, used 12283K [0x00000000d6f00000, 0x00000000ef900000, 0x0000000100000000)
  eden space 343552K, 0% used [0x00000000d6f00000,0x00000000d6f00000,0x00000000ebe80000)
  from space 12288K, 99% used [0x00000000eed00000,0x00000000ef8fefe0,0x00000000ef900000)
  to   space 17408K, 0% used [0x00000000ed700000,0x00000000ed700000,0x00000000ee800000)
 ParOldGen       total 59392K, used 22546K [0x0000000084c00000, 0x0000000088600000, 0x00000000d6f00000)
  object space 59392K, 37% used [0x0000000084c00000,0x00000000862049a0,0x0000000088600000)
 Metaspace       used 51059K, capacity 53830K, committed 54016K, reserved 1095680K
  class space    used 7080K, capacity 7571K, committed 7680K, reserved 1048576K
}
Event: 2218.033 GC heap before
{Heap before GC invocations=13 (full 2):
 PSYoungGen      total 355840K, used 355835K [0x00000000d6f00000, 0x00000000ef900000, 0x0000000100000000)
  eden space 343552K, 100% used [0x00000000d6f00000,0x00000000ebe80000,0x00000000ebe80000)
  from space 12288K, 99% used [0x00000000eed00000,0x00000000ef8fefe0,0x00000000ef900000)
  to   space 17408K, 0% used [0x00000000ed700000,0x00000000ed700000,0x00000000ee800000)
 ParOldGen       total 59392K, used 22546K [0x0000000084c00000, 0x0000000088600000, 0x00000000d6f00000)
  object space 59392K, 37% used [0x0000000084c00000,0x00000000862049a0,0x0000000088600000)
 Metaspace       used 55684K, capacity 58576K, committed 58752K, reserved 1099776K
  class space    used 7674K, capacity 8204K, committed 8320K, reserved 1048576K
Event: 2218.057 GC heap after
Heap after GC invocations=13 (full 2):
 PSYoungGen      total 386048K, used 5367K [0x00000000d6f00000, 0x00000000f5b80000, 0x0000000100000000)
  eden space 368640K, 0% used [0x00000000d6f00000,0x00000000d6f00000,0x00000000ed700000)
  from space 17408K, 30% used [0x00000000ed700000,0x00000000edc3df50,0x00000000ee800000)
  to   space 17408K, 0% used [0x00000000f4a80000,0x00000000f4a80000,0x00000000f5b80000)
 ParOldGen       total 59392K, used 30122K [0x0000000084c00000, 0x0000000088600000, 0x00000000d6f00000)
  object space 59392K, 50% used [0x0000000084c00000,0x000000008696aa40,0x0000000088600000)
 Metaspace       used 55684K, capacity 58576K, committed 58752K, reserved 1099776K
  class space    used 7674K, capacity 8204K, committed 8320K, reserved 1048576K
}
Event: 2448.425 GC heap before
{Heap before GC invocations=14 (full 2):
 PSYoungGen      total 386048K, used 40917K [0x00000000d6f00000, 0x00000000f5b80000, 0x0000000100000000)
  eden space 368640K, 9% used [0x00000000d6f00000,0x00000000d91b75b8,0x00000000ed700000)
  from space 17408K, 30% used [0x00000000ed700000,0x00000000edc3df50,0x00000000ee800000)
  to   space 17408K, 0% used [0x00000000f4a80000,0x00000000f4a80000,0x00000000f5b80000)
 ParOldGen       total 59392K, used 30122K [0x0000000084c00000, 0x0000000088600000, 0x00000000d6f00000)
  object space 59392K, 50% used [0x0000000084c00000,0x000000008696aa40,0x0000000088600000)
 Metaspace       used 56122K, capacity 59026K, committed 59096K, reserved 1099776K
  class space    used 7722K, capacity 8269K, committed 8320K, reserved 1048576K
Event: 2448.437 GC heap after
Heap after GC invocations=14 (full 2):
 PSYoungGen      total 486912K, used 479K [0x00000000d6f00000, 0x00000000f6d80000, 0x0000000100000000)
  eden space 469504K, 0% used [0x00000000d6f00000,0x00000000d6f00000,0x00000000f3980000)
  from space 17408K, 2% used [0x00000000f4a80000,0x00000000f4af7fe0,0x00000000f5b80000)
  to   space 17408K, 0% used [0x00000000f3980000,0x00000000f3980000,0x00000000f4a80000)
 ParOldGen       total 59392K, used 31894K [0x0000000084c00000, 0x0000000088600000, 0x00000000d6f00000)
  object space 59392K, 53% used [0x0000000084c00000,0x0000000086b25880,0x0000000088600000)
 Metaspace       used 56122K, capacity 59026K, committed 59096K, reserved 1099776K
  class space    used 7722K, capacity 8269K, committed 8320K, reserved 1048576K
}
Event: 2448.437 GC heap before
{Heap before GC invocations=15 (full 3):
 PSYoungGen      total 486912K, used 479K [0x00000000d6f00000, 0x00000000f6d80000, 0x0000000100000000)
  eden space 469504K, 0% used [0x00000000d6f00000,0x00000000d6f00000,0x00000000f3980000)
  from space 17408K, 2% used [0x00000000f4a80000,0x00000000f4af7fe0,0x00000000f5b80000)
  to   space 17408K, 0% used [0x00000000f3980000,0x00000000f3980000,0x00000000f4a80000)
 ParOldGen       total 59392K, used 31894K [0x0000000084c00000, 0x0000000088600000, 0x00000000d6f00000)
  object space 59392K, 53% used [0x0000000084c00000,0x0000000086b25880,0x0000000088600000)
 Metaspace       used 56122K, capacity 59026K, committed 59096K, reserved 1099776K
  class space    used 7722K, capacity 8269K, committed 8320K, reserved 1048576K
Event: 2448.729 GC heap after
Heap after GC invocations=15 (full 3):
 PSYoungGen      total 486912K, used 0K [0x00000000d6f00000, 0x00000000f6d80000, 0x0000000100000000)
  eden space 469504K, 0% used [0x00000000d6f00000,0x00000000d6f00000,0x00000000f3980000)
  from space 17408K, 0% used [0x00000000f4a80000,0x00000000f4a80000,0x00000000f5b80000)
  to   space 17408K, 0% used [0x00000000f3980000,0x00000000f3980000,0x00000000f4a80000)
 ParOldGen       total 78336K, used 17555K [0x0000000084c00000, 0x0000000089880000, 0x00000000d6f00000)
  object space 78336K, 22% used [0x0000000084c00000,0x0000000085d24e00,0x0000000089880000)
 Metaspace       used 55875K, capacity 58634K, committed 59096K, reserved 1099776K
  class space    used 7683K, capacity 8199K, committed 8320K, reserved 1048576K
}
Event: 6636.493 GC heap before
{Heap before GC invocations=16 (full 3):
 PSYoungGen      total 486912K, used 469504K [0x00000000d6f00000, 0x00000000f6d80000, 0x0000000100000000)
  eden space 469504K, 100% used [0x00000000d6f00000,0x00000000f3980000,0x00000000f3980000)
  from space 17408K, 0% used [0x00000000f4a80000,0x00000000f4a80000,0x00000000f5b80000)
  to   space 17408K, 0% used [0x00000000f3980000,0x00000000f3980000,0x00000000f4a80000)
 ParOldGen       total 78336K, used 17555K [0x0000000084c00000, 0x0000000089880000, 0x00000000d6f00000)
  object space 78336K, 22% used [0x0000000084c00000,0x0000000085d24e00,0x0000000089880000)
 Metaspace       used 57510K, capacity 60326K, committed 60800K, reserved 1101824K
  class space    used 7914K, capacity 8447K, committed 8576K, reserved 1048576K

